<?xml version="1.0" encoding="UTF-8"?>
<coverage generated="1678871270305" clover="3.2.0">
  <project timestamp="1678871270305" name="All files">
    <metrics statements="36" coveredstatements="36" conditionals="14" coveredconditionals="13" methods="7" coveredmethods="7" elements="57" coveredelements="56" complexity="0" loc="36" ncloc="36" packages="1" files="1" classes="1"/>
    <file name="genDiff.js" path="C:\Users\1\frontend-project-46\src\genDiff.js">
      <metrics statements="36" coveredstatements="36" conditionals="14" coveredconditionals="13" methods="7" coveredmethods="7"/>
      <line num="7" count="1" type="stmt"/>
      <line num="8" count="1" type="stmt"/>
      <line num="9" count="7" type="cond" truecount="2" falsecount="0"/>
      <line num="10" count="2" type="stmt"/>
      <line num="11" count="5" type="cond" truecount="2" falsecount="0"/>
      <line num="12" count="1" type="stmt"/>
      <line num="13" count="4" type="cond" truecount="2" falsecount="0"/>
      <line num="14" count="2" type="stmt"/>
      <line num="16" count="2" type="stmt"/>
      <line num="17" count="2" type="stmt"/>
      <line num="19" count="7" type="stmt"/>
      <line num="23" count="1" type="stmt"/>
      <line num="24" count="1" type="stmt"/>
      <line num="25" count="10" type="cond" truecount="3" falsecount="1"/>
      <line num="26" count="10" type="stmt"/>
      <line num="28" count="10" type="cond" truecount="4" falsecount="0"/>
      <line num="29" count="7" type="stmt"/>
      <line num="31" count="10" type="stmt"/>
      <line num="33" count="1" type="stmt"/>
      <line num="34" count="1" type="stmt"/>
      <line num="35" count="6" type="stmt"/>
      <line num="37" count="1" type="stmt"/>
      <line num="40" count="1" type="stmt"/>
      <line num="41" count="1" type="stmt"/>
      <line num="42" count="1" type="stmt"/>
      <line num="43" count="6" type="stmt"/>
      <line num="44" count="6" type="stmt"/>
      <line num="46" count="1" type="stmt"/>
      <line num="47" count="1" type="stmt"/>
      <line num="52" count="1" type="stmt"/>
      <line num="53" count="1" type="stmt"/>
      <line num="55" count="1" type="stmt"/>
      <line num="56" count="1" type="stmt"/>
      <line num="58" count="1" type="stmt"/>
      <line num="59" count="1" type="stmt"/>
      <line num="60" count="1" type="stmt"/>
    </file>
  </project>
</coverage>
