TN:
SF:src\genDiff.js
FN:7,(anonymous_0)
FN:8,(anonymous_1)
FN:23,(anonymous_2)
FN:24,(anonymous_3)
FN:34,(anonymous_4)
FN:40,(anonymous_5)
FN:50,(anonymous_6)
FNF:7
FNH:7
FNDA:1,(anonymous_0)
FNDA:7,(anonymous_1)
FNDA:1,(anonymous_2)
FNDA:10,(anonymous_3)
FNDA:6,(anonymous_4)
FNDA:1,(anonymous_5)
FNDA:1,(anonymous_6)
DA:7,1
DA:8,1
DA:9,7
DA:10,2
DA:11,5
DA:12,1
DA:13,4
DA:14,2
DA:16,2
DA:17,2
DA:19,7
DA:23,1
DA:24,1
DA:25,10
DA:26,10
DA:28,10
DA:29,7
DA:31,10
DA:33,1
DA:34,1
DA:35,6
DA:37,1
DA:40,1
DA:41,1
DA:42,1
DA:43,6
DA:44,6
DA:46,1
DA:47,1
DA:52,1
DA:53,1
DA:55,1
DA:56,1
DA:58,1
DA:59,1
DA:60,1
LF:36
LH:36
BRDA:9,0,0,2
BRDA:9,0,1,5
BRDA:11,1,0,1
BRDA:11,1,1,4
BRDA:13,2,0,2
BRDA:13,2,1,2
BRDA:25,3,0,10
BRDA:25,3,1,0
BRDA:25,4,0,10
BRDA:25,4,1,7
BRDA:28,5,0,7
BRDA:28,5,1,3
BRDA:28,6,0,10
BRDA:28,6,1,8
BRF:14
BRH:13
end_of_record
